00:56:55 [MainThread] Frame: 25436 samples (6.4 ms)  TX buf 32768 (8.2 ms)  RX buf 32768 (8.2 ms)
00:56:55 [MainThread] TUN pluto0: 10.0.0.0/255.255.255.0 MTU 1500
00:56:56 [MainThread] Node A  src=0 dst=1  TX 2400.000 MHz (-20 dB) @ 192.168.4.1  RX 2410.002 MHz (CFO +1874 Hz, calibration (2026-04-25T00:12:39+02:00)) @ 192.168.2.1
00:56:56 [MainThread] Bridge up — node A on 10.0.0.0/255.255.255.0
00:57:01 [stats] ARQ tun_in=2 tun_drop=0 tun_out=2 data_tx=2 (rtx=0) ack_tx=2 data_rx=2 (buf=0) ack_rx=2 (sack=0) dup=0 foreign=0 timeouts=0  rx_overruns=0 tx_bufs=528
00:57:06 [stats] ARQ tun_in=2 tun_drop=0 tun_out=2 data_tx=2 (rtx=0) ack_tx=2 data_rx=2 (buf=0) ack_rx=2 (sack=0) dup=0 foreign=0 timeouts=0  rx_overruns=0 tx_bufs=1052
00:57:11 [stats] ARQ tun_in=3 tun_drop=0 tun_out=3 data_tx=3 (rtx=0) ack_tx=3 data_rx=3 (buf=0) ack_rx=3 (sack=0) dup=0 foreign=0 timeouts=0  rx_overruns=0 tx_bufs=1399
00:57:16 [stats] ARQ tun_in=3 tun_drop=0 tun_out=3 data_tx=3 (rtx=0) ack_tx=3 data_rx=3 (buf=0) ack_rx=3 (sack=0) dup=0 foreign=0 timeouts=0  rx_overruns=0 tx_bufs=1716
00:57:21 [stats] ARQ tun_in=3 tun_drop=0 tun_out=3 data_tx=3 (rtx=0) ack_tx=3 data_rx=3 (buf=0) ack_rx=3 (sack=0) dup=0 foreign=0 timeouts=0  rx_overruns=0 tx_bufs=2033
00:57:26 [stats] ARQ tun_in=4 tun_drop=0 tun_out=4 data_tx=4 (rtx=0) ack_tx=4 data_rx=4 (buf=0) ack_rx=4 (sack=0) dup=0 foreign=0 timeouts=0  rx_overruns=0 tx_bufs=2449
00:57:31 [stats] ARQ tun_in=4 tun_drop=0 tun_out=4 data_tx=4 (rtx=0) ack_tx=4 data_rx=4 (buf=0) ack_rx=4 (sack=0) dup=0 foreign=0 timeouts=0  rx_overruns=0 tx_bufs=2974
00:57:36 [stats] ARQ tun_in=4 tun_drop=0 tun_out=4 data_tx=4 (rtx=0) ack_tx=4 data_rx=4 (buf=0) ack_rx=4 (sack=0) dup=0 foreign=0 timeouts=0  rx_overruns=0 tx_bufs=3498
00:57:41 [stats] ARQ tun_in=4 tun_drop=0 tun_out=4 data_tx=4 (rtx=0) ack_tx=4 data_rx=4 (buf=0) ack_rx=4 (sack=0) dup=0 foreign=0 timeouts=0  rx_overruns=0 tx_bufs=4023
00:57:46 [stats] ARQ tun_in=4 tun_drop=0 tun_out=4 data_tx=4 (rtx=0) ack_tx=4 data_rx=4 (buf=0) ack_rx=4 (sack=0) dup=0 foreign=0 timeouts=0  rx_overruns=0 tx_bufs=4547
00:57:51 [stats] ARQ tun_in=4 tun_drop=0 tun_out=4 data_tx=4 (rtx=0) ack_tx=4 data_rx=4 (buf=0) ack_rx=4 (sack=0) dup=0 foreign=0 timeouts=0  rx_overruns=0 tx_bufs=5035
00:57:56 [stats] ARQ tun_in=4 tun_drop=0 tun_out=4 data_tx=4 (rtx=0) ack_tx=4 data_rx=4 (buf=0) ack_rx=4 (sack=0) dup=0 foreign=0 timeouts=0  rx_overruns=0 tx_bufs=5556
00:58:01 [stats] ARQ tun_in=4 tun_drop=0 tun_out=4 data_tx=4 (rtx=0) ack_tx=4 data_rx=4 (buf=0) ack_rx=4 (sack=0) dup=0 foreign=0 timeouts=0  rx_overruns=0 tx_bufs=6075
00:58:06 [stats] ARQ tun_in=5 tun_drop=0 tun_out=5 data_tx=5 (rtx=0) ack_tx=5 data_rx=5 (buf=0) ack_rx=5 (sack=0) dup=0 foreign=0 timeouts=0  rx_overruns=0 tx_bufs=6598
00:58:11 [stats] ARQ tun_in=5 tun_drop=0 tun_out=5 data_tx=5 (rtx=0) ack_tx=5 data_rx=5 (buf=0) ack_rx=5 (sack=0) dup=0 foreign=0 timeouts=0  rx_overruns=0 tx_bufs=7122
00:58:16 [stats] ARQ tun_in=5 tun_drop=0 tun_out=5 data_tx=5 (rtx=0) ack_tx=5 data_rx=5 (buf=0) ack_rx=5 (sack=0) dup=0 foreign=0 timeouts=0  rx_overruns=0 tx_bufs=7651
00:58:21 [stats] ARQ tun_in=5 tun_drop=0 tun_out=5 data_tx=5 (rtx=0) ack_tx=5 data_rx=5 (buf=0) ack_rx=5 (sack=0) dup=0 foreign=0 timeouts=0  rx_overruns=0 tx_bufs=8176
00:58:26 [stats] ARQ tun_in=5 tun_drop=0 tun_out=5 data_tx=5 (rtx=0) ack_tx=5 data_rx=5 (buf=0) ack_rx=5 (sack=0) dup=0 foreign=0 timeouts=0  rx_overruns=0 tx_bufs=8703
00:58:31 [stats] ARQ tun_in=5 tun_drop=0 tun_out=5 data_tx=5 (rtx=0) ack_tx=5 data_rx=5 (buf=0) ack_rx=5 (sack=0) dup=0 foreign=0 timeouts=0  rx_overruns=0 tx_bufs=9226
00:58:36 [stats] ARQ tun_in=5 tun_drop=0 tun_out=5 data_tx=5 (rtx=0) ack_tx=5 data_rx=5 (buf=0) ack_rx=5 (sack=0) dup=0 foreign=0 timeouts=0  rx_overruns=0 tx_bufs=9751
00:58:41 [stats] ARQ tun_in=5 tun_drop=0 tun_out=5 data_tx=5 (rtx=0) ack_tx=5 data_rx=5 (buf=0) ack_rx=5 (sack=0) dup=0 foreign=0 timeouts=0  rx_overruns=0 tx_bufs=10276
00:58:46 [stats] ARQ tun_in=5 tun_drop=0 tun_out=5 data_tx=5 (rtx=0) ack_tx=5 data_rx=5 (buf=0) ack_rx=5 (sack=0) dup=0 foreign=0 timeouts=0  rx_overruns=0 tx_bufs=10800
00:58:51 [stats] ARQ tun_in=5 tun_drop=0 tun_out=5 data_tx=5 (rtx=0) ack_tx=5 data_rx=5 (buf=0) ack_rx=5 (sack=0) dup=0 foreign=0 timeouts=0  rx_overruns=0 tx_bufs=11324
00:58:56 [stats] ARQ tun_in=5 tun_drop=0 tun_out=5 data_tx=5 (rtx=0) ack_tx=5 data_rx=5 (buf=0) ack_rx=5 (sack=0) dup=0 foreign=0 timeouts=0  rx_overruns=0 tx_bufs=11848
00:59:01 [stats] ARQ tun_in=5 tun_drop=0 tun_out=5 data_tx=5 (rtx=0) ack_tx=5 data_rx=5 (buf=0) ack_rx=5 (sack=0) dup=0 foreign=0 timeouts=0  rx_overruns=0 tx_bufs=12376
00:59:06 [stats] ARQ tun_in=5 tun_drop=0 tun_out=5 data_tx=5 (rtx=0) ack_tx=5 data_rx=5 (buf=0) ack_rx=5 (sack=0) dup=0 foreign=0 timeouts=0  rx_overruns=0 tx_bufs=12900
00:59:11 [stats] ARQ tun_in=6 tun_drop=0 tun_out=6 data_tx=6 (rtx=0) ack_tx=6 data_rx=6 (buf=0) ack_rx=6 (sack=0) dup=0 foreign=0 timeouts=0  rx_overruns=0 tx_bufs=13424
00:59:16 [stats] ARQ tun_in=28 tun_drop=0 tun_out=6 data_tx=35 (rtx=7) ack_tx=6 data_rx=6 (buf=0) ack_rx=20 (sack=4) dup=0 foreign=0 timeouts=5  rx_overruns=0 tx_bufs=13772
00:59:21 [stats] ARQ tun_in=53 tun_drop=0 tun_out=6 data_tx=69 (rtx=19) ack_tx=6 data_rx=6 (buf=0) ack_rx=33 (sack=9) dup=0 foreign=0 timeouts=12  rx_overruns=0 tx_bufs=14089
00:59:26 [stats] ARQ tun_in=77 tun_drop=0 tun_out=6 data_tx=112 (rtx=37) ack_tx=6 data_rx=6 (buf=0) ack_rx=52 (sack=18) dup=0 foreign=0 timeouts=20  rx_overruns=0 tx_bufs=14406
00:59:31 [stats] ARQ tun_in=102 tun_drop=0 tun_out=6 data_tx=152 (rtx=50) ack_tx=6 data_rx=6 (buf=0) ack_rx=66 (sack=25) dup=0 foreign=0 timeouts=28  rx_overruns=0 tx_bufs=14723
00:59:36 [stats] ARQ tun_in=127 tun_drop=0 tun_out=6 data_tx=191 (rtx=65) ack_tx=6 data_rx=6 (buf=0) ack_rx=86 (sack=37) dup=0 foreign=0 timeouts=35  rx_overruns=0 tx_bufs=15039
00:59:39 [arq-rx] DECODE ERROR (cfo=1439 Hz, ratio=11.2): IndexError: payload end is outside of buffer
00:59:39 [arq-rx] 1/3 detections failed decode
00:59:39 [arq-rx] DECODE ERROR (cfo=1439 Hz, ratio=11.2): RuntimeError: Payload CRC-16 mismatch: got 0xffff, expected 0x0784
00:59:39 [arq-rx] 1/1 detections failed decode
00:59:40 [arq-rx] DECODE ERROR (cfo=1301 Hz, ratio=11.2): IndexError: payload end is outside of buffer
00:59:40 [arq-rx] 1/2 detections failed decode
00:59:40 [arq-rx] DECODE ERROR (cfo=1301 Hz, ratio=11.2): RuntimeError: Payload CRC-16 mismatch: got 0x0015, expected 0x7255
00:59:40 [arq-rx] 1/1 detections failed decode
00:59:41 [stats] ARQ tun_in=152 tun_drop=0 tun_out=12 data_tx=231 (rtx=79) ack_tx=12 data_rx=12 (buf=2) ack_rx=106 (sack=41) dup=0 foreign=0 timeouts=43  rx_overruns=0 tx_bufs=15357
00:59:41 [arq-rx] DECODE ERROR (cfo=1188 Hz, ratio=11.0): IndexError: payload end is outside of buffer
00:59:41 [arq-rx] 1/1 detections failed decode
00:59:41 [arq-rx] DECODE ERROR (cfo=1188 Hz, ratio=11.0): RuntimeError: Payload CRC-16 mismatch: got 0xffff, expected 0xcec9
00:59:41 [arq-rx] 1/1 detections failed decode
00:59:45 [arq-rx] DECODE ERROR (cfo=1298 Hz, ratio=11.2): IndexError: payload end is outside of buffer
00:59:45 [arq-rx] 1/2 detections failed decode
00:59:45 [arq-rx] DECODE ERROR (cfo=1298 Hz, ratio=11.2): RuntimeError: Payload CRC-16 mismatch: got 0xaaa2, expected 0xe567
00:59:45 [arq-rx] 1/1 detections failed decode
00:59:46 [stats] ARQ tun_in=177 tun_drop=0 tun_out=18 data_tx=267 (rtx=91) ack_tx=18 data_rx=18 (buf=4) ack_rx=120 (sack=45) dup=0 foreign=0 timeouts=51  rx_overruns=0 tx_bufs=15671
00:59:47 [arq-rx] DECODE ERROR (cfo=1306 Hz, ratio=11.2): IndexError: payload end is outside of buffer
00:59:47 [arq-rx] 1/2 detections failed decode
00:59:47 [arq-rx] DECODE ERROR (cfo=1306 Hz, ratio=11.2): RuntimeError: Payload CRC-16 mismatch: got 0xffff, expected 0x2a05
00:59:47 [arq-rx] 1/1 detections failed decode
00:59:48 [arq-rx] DECODE ERROR (cfo=1413 Hz, ratio=11.2): IndexError: payload end is outside of buffer
00:59:48 [arq-rx] 1/2 detections failed decode
00:59:48 [arq-rx] DECODE ERROR (cfo=1413 Hz, ratio=11.2): RuntimeError: Payload CRC-16 mismatch: got 0xfffd, expected 0x8dd8
00:59:48 [arq-rx] 1/1 detections failed decode
00:59:51 [stats] ARQ tun_in=192 tun_drop=0 tun_out=22 data_tx=295 (rtx=103) ack_tx=22 data_rx=22 (buf=4) ack_rx=134 (sack=53) dup=0 foreign=0 timeouts=56  rx_overruns=0 tx_bufs=16068
00:59:56 [stats] ARQ tun_in=192 tun_drop=0 tun_out=22 data_tx=295 (rtx=103) ack_tx=22 data_rx=22 (buf=4) ack_rx=134 (sack=53) dup=0 foreign=0 timeouts=56  rx_overruns=0 tx_bufs=16594
01:00:00 [arq-rx] DECODE ERROR (cfo=1194 Hz, ratio=11.1): IndexError: payload end is outside of buffer
01:00:00 [arq-rx] 1/1 detections failed decode
01:00:00 [arq-rx] DECODE ERROR (cfo=1194 Hz, ratio=11.1): RuntimeError: Payload CRC-16 mismatch: got 0x9c9c, expected 0xdf03
01:00:00 [arq-rx] DECODE ERROR (cfo=1379 Hz, ratio=11.0): IndexError: payload end is outside of buffer
01:00:00 [arq-rx] 2/2 detections failed decode
01:00:00 [arq-rx] DECODE ERROR (cfo=1379 Hz, ratio=11.0): RuntimeError: Payload CRC-16 mismatch: got 0xfffa, expected 0x4bc9
01:00:00 [arq-rx] 1/2 detections failed decode
01:00:01 [stats] ARQ tun_in=203 tun_drop=0 tun_out=23 data_tx=306 (rtx=105) ack_tx=28 data_rx=28 (buf=9) ack_rx=142 (sack=55) dup=0 foreign=0 timeouts=58  rx_overruns=0 tx_bufs=17032
01:00:01 [arq-rx] DECODE ERROR (cfo=1214 Hz, ratio=11.1): IndexError: payload end is outside of buffer
01:00:01 [arq-rx] 1/1 detections failed decode
01:00:01 [arq-rx] DECODE ERROR (cfo=1214 Hz, ratio=11.1): RuntimeError: Payload CRC-16 mismatch: got 0xffff, expected 0x07b9
01:00:01 [arq-rx] DECODE ERROR (cfo=1390 Hz, ratio=11.2): IndexError: payload end is outside of buffer
01:00:01 [arq-rx] 2/2 detections failed decode
01:00:02 [arq-rx] TUN write failed: [Errno 22] Invalid argument
01:00:02 [arq-rx] DECODE ERROR (cfo=1295 Hz, ratio=10.9): IndexError: payload end is outside of buffer
01:00:02 [arq-rx] 1/2 detections failed decode
01:00:02 [arq-rx] DECODE ERROR (cfo=1295 Hz, ratio=10.9): RuntimeError: Payload CRC-16 mismatch: got 0x0000, expected 0x5206
01:00:02 [arq-rx] 1/2 detections failed decode
01:00:03 [arq-rx] DECODE ERROR (cfo=1405 Hz, ratio=11.3): IndexError: payload end is outside of buffer
01:00:03 [arq-rx] 1/1 detections failed decode
01:00:03 [arq-rx] DECODE ERROR (cfo=1405 Hz, ratio=11.3): RuntimeError: Payload CRC-16 mismatch: got 0x0000, expected 0x84a4
01:00:03 [arq-rx] 1/3 detections failed decode
01:00:04 [arq-rx] DECODE ERROR (cfo=1188 Hz, ratio=11.0): IndexError: payload end is outside of buffer
01:00:04 [arq-rx] 1/1 detections failed decode
01:00:04 [arq-rx] DECODE ERROR (cfo=1188 Hz, ratio=11.0): RuntimeError: Payload CRC-16 mismatch: got 0x5555, expected 0x8549
01:00:04 [arq-rx] DECODE ERROR (cfo=1298 Hz, ratio=10.5): IndexError: payload end is outside of buffer
01:00:04 [arq-rx] 2/3 detections failed decode
01:00:04 [arq-rx] DECODE ERROR (cfo=1298 Hz, ratio=10.5): RuntimeError: Payload CRC-16 mismatch: got 0xaaaa, expected 0x6e97
01:00:04 [arq-rx] 1/2 detections failed decode
01:00:04 [arq-rx] DECODE ERROR (cfo=1503 Hz, ratio=10.9): IndexError: payload end is outside of buffer
01:00:04 [arq-rx] 1/2 detections failed decode
01:00:04 [arq-rx] DECODE ERROR (cfo=1503 Hz, ratio=10.9): RuntimeError: Payload CRC-16 mismatch: got 0x06c9, expected 0x1879
01:00:04 [arq-rx] 1/1 detections failed decode
01:00:05 [arq-rx] DECODE ERROR (cfo=-7473 Hz, ratio=3.3): RuntimeError: Header did not yield valid crc
01:00:05 [arq-rx] 1/1 detections failed decode
01:00:05 [arq-rx] DECODE ERROR (cfo=1413 Hz, ratio=11.4): IndexError: payload end is outside of buffer
01:00:05 [arq-rx] 1/1 detections failed decode
01:00:05 [arq-rx] DECODE ERROR (cfo=1413 Hz, ratio=11.4): RuntimeError: Payload CRC-16 mismatch: got 0xffff, expected 0x0ebe
01:00:05 [arq-rx] 1/1 detections failed decode
01:00:06 [stats] ARQ tun_in=228 tun_drop=0 tun_out=37 data_tx=343 (rtx=116) ack_tx=43 data_rx=42 (buf=17) ack_rx=162 (sack=59) dup=1 foreign=0 timeouts=65  rx_overruns=0 tx_bufs=17349
01:00:06 [arq-rx] DECODE ERROR (cfo=1277 Hz, ratio=11.3): IndexError: payload end is outside of buffer
01:00:06 [arq-rx] 1/1 detections failed decode
01:00:06 [arq-rx] DECODE ERROR (cfo=1277 Hz, ratio=11.3): RuntimeError: Payload CRC-16 mismatch: got 0x0000, expected 0x7428
01:00:06 [arq-rx] 1/1 detections failed decode
01:00:07 [arq-rx] DECODE ERROR (cfo=1301 Hz, ratio=10.9): IndexError: payload end is outside of buffer
01:00:07 [arq-rx] 1/2 detections failed decode
01:00:07 [arq-rx] DECODE ERROR (cfo=1301 Hz, ratio=10.9): RuntimeError: Payload CRC-16 mismatch: got 0x3fbf, expected 0xceb0
01:00:07 [arq-rx] 1/1 detections failed decode
01:00:09 [arq-rx] DECODE ERROR (cfo=1246 Hz, ratio=11.4): IndexError: payload end is outside of buffer
01:00:09 [arq-rx] 1/1 detections failed decode
01:00:09 [arq-rx] DECODE ERROR (cfo=1246 Hz, ratio=11.4): RuntimeError: Payload CRC-16 mismatch: got 0x4401, expected 0xcaef
01:00:09 [arq-rx] 1/3 detections failed decode
01:00:09 [arq-rx] DECODE ERROR (cfo=-10263 Hz, ratio=4.4): RuntimeError: Header did not yield valid crc
01:00:09 [arq-rx] 1/1 detections failed decode
01:00:09 [arq-rx] DECODE ERROR (cfo=1501 Hz, ratio=10.9): IndexError: payload end is outside of buffer
01:00:09 [arq-rx] 1/2 detections failed decode
01:00:09 [arq-rx] DECODE ERROR (cfo=1501 Hz, ratio=10.9): RuntimeError: Payload CRC-16 mismatch: got 0xffff, expected 0x15a7
01:00:09 [arq-rx] 1/2 detections failed decode
01:00:10 [arq-rx] DECODE ERROR (cfo=1417 Hz, ratio=11.3): IndexError: payload end is outside of buffer
01:00:10 [arq-rx] 1/1 detections failed decode
01:00:10 [arq-rx] DECODE ERROR (cfo=1186 Hz, ratio=10.9): IndexError: payload end is outside of buffer
01:00:10 [arq-rx] 1/3 detections failed decode
01:00:11 [arq-rx] DECODE ERROR (cfo=1297 Hz, ratio=11.1): IndexError: payload end is outside of buffer
01:00:11 [arq-rx] 1/1 detections failed decode
01:00:11 [arq-rx] DECODE ERROR (cfo=1257 Hz, ratio=10.8): IndexError: payload end is outside of buffer
01:00:11 [arq-rx] 1/4 detections failed decode
01:00:11 [arq-rx] DECODE ERROR (cfo=1413 Hz, ratio=11.4): IndexError: payload end is outside of buffer
01:00:11 [arq-rx] 1/1 detections failed decode
01:00:11 [stats] ARQ tun_in=248 tun_drop=0 tun_out=63 data_tx=374 (rtx=126) ack_tx=65 data_rx=63 (buf=29) ack_rx=175 (sack=61) dup=2 foreign=0 timeouts=73  rx_overruns=0 tx_bufs=17702
01:00:16 [stats] ARQ tun_in=248 tun_drop=0 tun_out=63 data_tx=374 (rtx=126) ack_tx=65 data_rx=63 (buf=29) ack_rx=175 (sack=61) dup=2 foreign=0 timeouts=73  rx_overruns=0 tx_bufs=18227
01:00:21 [stats] ARQ tun_in=248 tun_drop=0 tun_out=63 data_tx=374 (rtx=126) ack_tx=65 data_rx=63 (buf=29) ack_rx=175 (sack=61) dup=2 foreign=0 timeouts=73  rx_overruns=0 tx_bufs=18748
01:00:22 [arq-rx] DECODE ERROR (cfo=6730 Hz, ratio=3.1): RuntimeError: Header did not yield valid crc
01:00:22 [arq-rx] 1/1 detections failed decode
01:00:26 [stats] ARQ tun_in=248 tun_drop=0 tun_out=63 data_tx=374 (rtx=126) ack_tx=65 data_rx=63 (buf=29) ack_rx=175 (sack=61) dup=2 foreign=0 timeouts=73  rx_overruns=0 tx_bufs=19274
01:00:31 [stats] ARQ tun_in=248 tun_drop=0 tun_out=63 data_tx=374 (rtx=126) ack_tx=65 data_rx=63 (buf=29) ack_rx=175 (sack=61) dup=2 foreign=0 timeouts=73  rx_overruns=0 tx_bufs=19794
01:00:36 [stats] ARQ tun_in=248 tun_drop=0 tun_out=63 data_tx=374 (rtx=126) ack_tx=65 data_rx=63 (buf=29) ack_rx=175 (sack=61) dup=2 foreign=0 timeouts=73  rx_overruns=0 tx_bufs=20320
01:00:41 [stats] ARQ tun_in=248 tun_drop=0 tun_out=63 data_tx=374 (rtx=126) ack_tx=65 data_rx=63 (buf=29) ack_rx=175 (sack=61) dup=2 foreign=0 timeouts=73  rx_overruns=0 tx_bufs=20842
01:00:46 [stats] ARQ tun_in=248 tun_drop=0 tun_out=63 data_tx=374 (rtx=126) ack_tx=65 data_rx=63 (buf=29) ack_rx=175 (sack=61) dup=2 foreign=0 timeouts=73  rx_overruns=0 tx_bufs=21368
01:00:51 [stats] ARQ tun_in=248 tun_drop=0 tun_out=63 data_tx=374 (rtx=126) ack_tx=65 data_rx=63 (buf=29) ack_rx=175 (sack=61) dup=2 foreign=0 timeouts=73  rx_overruns=0 tx_bufs=21892
01:00:56 [stats] ARQ tun_in=248 tun_drop=0 tun_out=63 data_tx=374 (rtx=126) ack_tx=65 data_rx=63 (buf=29) ack_rx=175 (sack=61) dup=2 foreign=0 timeouts=73  rx_overruns=0 tx_bufs=22414
01:01:01 [stats] ARQ tun_in=249 tun_drop=0 tun_out=65 data_tx=375 (rtx=126) ack_tx=67 data_rx=65 (buf=29) ack_rx=176 (sack=61) dup=2 foreign=0 timeouts=73  rx_overruns=0 tx_bufs=22939
01:01:06 [stats] ARQ tun_in=253 tun_drop=0 tun_out=70 data_tx=379 (rtx=126) ack_tx=72 data_rx=70 (buf=29) ack_rx=180 (sack=61) dup=2 foreign=0 timeouts=73  rx_overruns=0 tx_bufs=23464
01:01:11 [stats] ARQ tun_in=256 tun_drop=0 tun_out=73 data_tx=382 (rtx=126) ack_tx=75 data_rx=73 (buf=29) ack_rx=183 (sack=61) dup=2 foreign=0 timeouts=73  rx_overruns=0 tx_bufs=23986
01:01:16 [stats] ARQ tun_in=256 tun_drop=0 tun_out=73 data_tx=382 (rtx=126) ack_tx=75 data_rx=73 (buf=29) ack_rx=183 (sack=61) dup=2 foreign=0 timeouts=73  rx_overruns=0 tx_bufs=24508
01:01:21 [stats] ARQ tun_in=256 tun_drop=0 tun_out=74 data_tx=382 (rtx=126) ack_tx=76 data_rx=74 (buf=29) ack_rx=183 (sack=61) dup=2 foreign=0 timeouts=73  rx_overruns=0 tx_bufs=25029
01:01:26 [stats] ARQ tun_in=257 tun_drop=0 tun_out=74 data_tx=383 (rtx=126) ack_tx=76 data_rx=74 (buf=29) ack_rx=184 (sack=61) dup=2 foreign=0 timeouts=73  rx_overruns=0 tx_bufs=25553
01:01:31 [stats] ARQ tun_in=257 tun_drop=0 tun_out=74 data_tx=383 (rtx=126) ack_tx=76 data_rx=74 (buf=29) ack_rx=184 (sack=61) dup=2 foreign=0 timeouts=73  rx_overruns=0 tx_bufs=26078
01:01:36 [stats] ARQ tun_in=257 tun_drop=0 tun_out=74 data_tx=383 (rtx=126) ack_tx=76 data_rx=74 (buf=29) ack_rx=184 (sack=61) dup=2 foreign=0 timeouts=73  rx_overruns=0 tx_bufs=26601
01:01:41 [stats] ARQ tun_in=257 tun_drop=0 tun_out=74 data_tx=383 (rtx=126) ack_tx=76 data_rx=74 (buf=29) ack_rx=184 (sack=61) dup=2 foreign=0 timeouts=73  rx_overruns=0 tx_bufs=27126
01:01:44 [arq-rx] DECODE ERROR (cfo=1305 Hz, ratio=4.2): IndexError: header end is outside of buffer
01:01:44 [arq-rx] 1/2 detections failed decode
01:01:45 [arq-rx] DECODE ERROR (cfo=1363 Hz, ratio=11.3): IndexError: payload end is outside of buffer
01:01:45 [arq-rx] 1/1 detections failed decode
01:01:45 [arq-rx] DECODE ERROR (cfo=1363 Hz, ratio=11.3): RuntimeError: Payload CRC-16 mismatch: got 0x2082, expected 0x9c96
01:01:45 [arq-rx] 1/3 detections failed decode
01:01:46 [stats] ARQ tun_in=267 tun_drop=0 tun_out=74 data_tx=395 (rtx=129) ack_tx=82 data_rx=80 (buf=35) ack_rx=189 (sack=61) dup=2 foreign=0 timeouts=75  rx_overruns=0 tx_bufs=27570
01:01:46 [arq-rx] TUN write failed: [Errno 22] Invalid argument
01:01:51 [stats] ARQ tun_in=292 tun_drop=0 tun_out=86 data_tx=434 (rtx=142) ack_tx=89 data_rx=86 (buf=35) ack_rx=207 (sack=64) dup=3 foreign=0 timeouts=83  rx_overruns=0 tx_bufs=27885
01:01:51 [arq-rx] DECODE ERROR (cfo=1355 Hz, ratio=3.3): IndexError: header end is outside of buffer
01:01:51 [arq-rx] 1/1 detections failed decode
01:01:54 [arq-rx] DECODE ERROR (cfo=1321 Hz, ratio=11.1): IndexError: payload end is outside of buffer
01:01:54 [arq-rx] 1/1 detections failed decode
01:01:54 [arq-rx] DECODE ERROR (cfo=1321 Hz, ratio=11.1): RuntimeError: Payload CRC-16 mismatch: got 0x1555, expected 0x85de
01:01:54 [arq-rx] 1/1 detections failed decode
01:01:55 [arq-rx] DECODE ERROR (cfo=1448 Hz, ratio=10.9): IndexError: payload end is outside of buffer
01:01:55 [arq-rx] 1/2 detections failed decode
01:01:55 [arq-rx] DECODE ERROR (cfo=1448 Hz, ratio=10.9): RuntimeError: Payload CRC-16 mismatch: got 0xd5d5, expected 0xb026
01:01:55 [arq-rx] 1/1 detections failed decode
01:01:56 [stats] ARQ tun_in=317 tun_drop=0 tun_out=88 data_tx=472 (rtx=157) ack_tx=93 data_rx=89 (buf=37) ack_rx=219 (sack=68) dup=4 foreign=0 timeouts=90  rx_overruns=0 tx_bufs=28203
01:01:56 [arq-rx] DECODE ERROR (cfo=1270 Hz, ratio=11.1): IndexError: payload end is outside of buffer
01:01:56 [arq-rx] 1/1 detections failed decode
01:01:56 [arq-rx] DECODE ERROR (cfo=1270 Hz, ratio=11.1): RuntimeError: Payload CRC-16 mismatch: got 0xaaaa, expected 0x2de8
01:01:56 [arq-rx] 1/1 detections failed decode
01:01:57 [arq-rx] DECODE ERROR (cfo=1413 Hz, ratio=10.9): IndexError: payload end is outside of buffer
01:01:57 [arq-rx] 1/2 detections failed decode
01:01:57 [arq-rx] DECODE ERROR (cfo=1413 Hz, ratio=10.9): RuntimeError: Payload CRC-16 mismatch: got 0xffff, expected 0x5705
01:01:57 [arq-rx] 1/1 detections failed decode
01:01:57 [arq-rx] DECODE ERROR (cfo=-10303 Hz, ratio=5.2): RuntimeError: Header did not yield valid crc
01:01:57 [arq-rx] 1/2 detections failed decode
01:01:57 [arq-rx] DECODE ERROR (cfo=1590 Hz, ratio=10.9): IndexError: payload end is outside of buffer
01:01:57 [arq-rx] 1/2 detections failed decode
01:01:57 [arq-rx] DECODE ERROR (cfo=1590 Hz, ratio=10.9): RuntimeError: Payload CRC-16 mismatch: got 0x0001, expected 0xfb71
01:01:57 [arq-rx] 1/1 detections failed decode
01:01:58 [arq-rx] DECODE ERROR (cfo=-10220 Hz, ratio=4.6): RuntimeError: Header did not yield valid crc
01:01:58 [arq-rx] 1/2 detections failed decode
01:01:58 [arq-rx] DECODE ERROR (cfo=1293 Hz, ratio=11.2): IndexError: payload end is outside of buffer
01:01:58 [arq-rx] 1/1 detections failed decode
01:01:58 [arq-rx] DECODE ERROR (cfo=1293 Hz, ratio=11.2): RuntimeError: Payload CRC-16 mismatch: got 0xeeaa, expected 0xade7
01:01:58 [arq-rx] 1/1 detections failed decode
01:02:01 [stats] ARQ tun_in=342 tun_drop=0 tun_out=92 data_tx=507 (rtx=165) ack_tx=96 data_rx=92 (buf=37) ack_rx=239 (sack=72) dup=4 foreign=0 timeouts=97  rx_overruns=0 tx_bufs=28521
01:02:02 [arq-rx] DECODE ERROR (cfo=1496 Hz, ratio=3.7): RuntimeError: Header did not yield valid crc
01:02:02 [arq-rx] 1/1 detections failed decode
01:02:03 [arq-rx] DECODE ERROR (cfo=1465 Hz, ratio=11.4): IndexError: header end is outside of buffer
01:02:03 [arq-rx] 1/1 detections failed decode
01:02:03 [arq-rx] DECODE ERROR (cfo=1465 Hz, ratio=11.4): RuntimeError: Header did not yield valid crc
01:02:03 [arq-rx] 1/1 detections failed decode
01:02:06 [stats] ARQ tun_in=367 tun_drop=0 tun_out=92 data_tx=542 (rtx=178) ack_tx=96 data_rx=92 (buf=37) ack_rx=255 (sack=76) dup=4 foreign=0 timeouts=104  rx_overruns=0 tx_bufs=28834
01:02:11 [stats] ARQ tun_in=392 tun_drop=0 tun_out=92 data_tx=579 (rtx=188) ack_tx=96 data_rx=92 (buf=37) ack_rx=276 (sack=77) dup=4 foreign=0 timeouts=111  rx_overruns=0 tx_bufs=29151
01:02:16 [stats] ARQ tun_in=417 tun_drop=0 tun_out=92 data_tx=610 (rtx=195) ack_tx=96 data_rx=92 (buf=37) ack_rx=293 (sack=79) dup=4 foreign=0 timeouts=116  rx_overruns=0 tx_bufs=29466
01:02:19 [arq-rx] DECODE ERROR (cfo=1319 Hz, ratio=11.2): IndexError: payload end is outside of buffer
01:02:19 [arq-rx] 1/4 detections failed decode
01:02:19 [arq-rx] DECODE ERROR (cfo=1319 Hz, ratio=11.2): RuntimeError: Payload CRC-16 mismatch: got 0x57fd, expected 0x83d0
01:02:19 [arq-rx] 1/2 detections failed decode
01:02:19 [arq-rx] DECODE ERROR (cfo=1289 Hz, ratio=11.2): IndexError: payload end is outside of buffer
01:02:19 [arq-rx] 1/1 detections failed decode
01:02:19 [arq-rx] DECODE ERROR (cfo=1289 Hz, ratio=11.2): RuntimeError: Payload CRC-16 mismatch: got 0x0000, expected 0x4254
01:02:19 [arq-rx] 1/1 detections failed decode
01:02:20 [arq-rx] DECODE ERROR (cfo=1255 Hz, ratio=11.2): IndexError: payload end is outside of buffer
01:02:20 [arq-rx] 1/1 detections failed decode
01:02:20 [arq-rx] DECODE ERROR (cfo=1255 Hz, ratio=11.2): RuntimeError: Payload CRC-16 mismatch: got 0xffff, expected 0xa3b4
01:02:20 [arq-rx] 1/1 detections failed decode
01:02:21 [stats] ARQ tun_in=442 tun_drop=0 tun_out=93 data_tx=647 (rtx=207) ack_tx=100 data_rx=96 (buf=40) ack_rx=309 (sack=83) dup=4 foreign=0 timeouts=123  rx_overruns=0 tx_bufs=29783
01:02:21 [arq-rx] DECODE ERROR (cfo=1164 Hz, ratio=11.0): IndexError: payload end is outside of buffer
01:02:21 [arq-rx] 1/2 detections failed decode
01:02:21 [arq-rx] TUN write failed: [Errno 22] Invalid argument
01:02:21 [arq-rx] DECODE ERROR (cfo=1164 Hz, ratio=11.0): RuntimeError: Payload CRC-16 mismatch: got 0x0000, expected 0x484b
01:02:21 [arq-rx] 1/1 detections failed decode
01:02:22 [arq-rx] DECODE ERROR (cfo=1584 Hz, ratio=11.2): IndexError: payload end is outside of buffer
01:02:22 [arq-rx] 1/2 detections failed decode
01:02:22 [arq-rx] DECODE ERROR (cfo=1584 Hz, ratio=11.2): RuntimeError: Payload CRC-16 mismatch: got 0x5555, expected 0xc58a
01:02:22 [arq-rx] 1/1 detections failed decode
01:02:26 [stats] ARQ tun_in=467 tun_drop=0 tun_out=103 data_tx=681 (rtx=215) ack_tx=107 data_rx=103 (buf=41) ack_rx=329 (sack=83) dup=4 foreign=0 timeouts=130  rx_overruns=0 tx_bufs=30100
01:02:26 [arq-rx] DECODE ERROR (cfo=1236 Hz, ratio=11.0): IndexError: payload end is outside of buffer
01:02:26 [arq-rx] 1/3 detections failed decode
01:02:26 [arq-rx] DECODE ERROR (cfo=1236 Hz, ratio=11.0): RuntimeError: Payload CRC-16 mismatch: got 0x2a28, expected 0x8c43
01:02:26 [arq-rx] 1/2 detections failed decode
01:02:26 [arq-rx] DECODE ERROR (cfo=1386 Hz, ratio=11.2): IndexError: payload end is outside of buffer
01:02:26 [arq-rx] 1/1 detections failed decode
01:02:26 [arq-rx] DECODE ERROR (cfo=1386 Hz, ratio=11.2): RuntimeError: Payload CRC-16 mismatch: got 0x4014, expected 0x70a5
01:02:26 [arq-rx] 1/1 detections failed decode
01:02:27 [arq-rx] DECODE ERROR (cfo=1336 Hz, ratio=11.2): IndexError: payload end is outside of buffer
01:02:27 [arq-rx] 1/1 detections failed decode
01:02:27 [arq-rx] DECODE ERROR (cfo=1336 Hz, ratio=11.2): RuntimeError: Payload CRC-16 mismatch: got 0x1105, expected 0x1544
01:02:27 [arq-rx] 1/1 detections failed decode
01:02:31 [stats] ARQ tun_in=492 tun_drop=0 tun_out=109 data_tx=716 (rtx=225) ack_tx=113 data_rx=109 (buf=41) ack_rx=346 (sack=83) dup=4 foreign=0 timeouts=137  rx_overruns=0 tx_bufs=30417
01:02:32 [arq-rx] DECODE ERROR (cfo=1305 Hz, ratio=11.4): IndexError: payload end is outside of buffer
01:02:32 [arq-rx] 1/3 detections failed decode
01:02:32 [arq-rx] DECODE ERROR (cfo=1305 Hz, ratio=11.4): RuntimeError: Payload CRC-16 mismatch: got 0xffff, expected 0x29f8
01:02:32 [arq-rx] 1/1 detections failed decode
01:02:34 [arq-rx] DECODE ERROR (cfo=1234 Hz, ratio=10.5): RuntimeError: Header did not yield valid crc
01:02:34 [arq-rx] 1/1 detections failed decode
01:02:35 [arq-rx] DECODE ERROR (cfo=-10232 Hz, ratio=5.6): RuntimeError: Header did not yield valid crc
01:02:35 [arq-rx] DECODE ERROR (cfo=1503 Hz, ratio=11.0): IndexError: payload end is outside of buffer
01:02:35 [arq-rx] 2/3 detections failed decode
01:02:35 [arq-rx] DECODE ERROR (cfo=1503 Hz, ratio=11.0): RuntimeError: Payload CRC-16 mismatch: got 0x1450, expected 0xfa30
01:02:35 [arq-rx] 1/1 detections failed decode
01:02:36 [arq-rx] DECODE ERROR (cfo=1337 Hz, ratio=10.9): IndexError: payload end is outside of buffer
01:02:36 [arq-rx] 1/4 detections failed decode
01:02:36 [arq-rx] DECODE ERROR (cfo=1337 Hz, ratio=10.9): RuntimeError: Payload CRC-16 mismatch: got 0xffff, expected 0xee4f
01:02:36 [arq-rx] 1/4 detections failed decode
01:02:36 [stats] ARQ tun_in=518 tun_drop=0 tun_out=112 data_tx=768 (rtx=250) ack_tx=117 data_rx=113 (buf=44) ack_rx=368 (sack=84) dup=4 foreign=0 timeouts=145  rx_overruns=0 tx_bufs=30735
01:02:39 [arq-rx] DECODE ERROR (cfo=-10296 Hz, ratio=6.1): RuntimeError: Header did not yield valid crc
01:02:39 [arq-rx] 1/1 detections failed decode
01:02:41 [stats] ARQ tun_in=543 tun_drop=0 tun_out=119 data_tx=803 (rtx=261) ack_tx=123 data_rx=119 (buf=44) ack_rx=384 (sack=85) dup=4 foreign=0 timeouts=152  rx_overruns=0 tx_bufs=31053
01:02:44 [arq-rx] DECODE ERROR (cfo=1281 Hz, ratio=11.1): IndexError: payload end is outside of buffer
01:02:44 [arq-rx] 1/3 detections failed decode
01:02:44 [arq-rx] DECODE ERROR (cfo=1281 Hz, ratio=11.1): RuntimeError: Payload CRC-16 mismatch: got 0xaaaa, expected 0xadf8
01:02:44 [arq-rx] 1/2 detections failed decode
01:02:46 [stats] ARQ tun_in=568 tun_drop=0 tun_out=122 data_tx=838 (rtx=271) ack_tx=126 data_rx=122 (buf=45) ack_rx=402 (sack=88) dup=4 foreign=0 timeouts=160  rx_overruns=0 tx_bufs=31371
01:02:46 [arq-rx] DECODE ERROR (cfo=1459 Hz, ratio=11.1): IndexError: payload end is outside of buffer
01:02:46 [arq-rx] 1/1 detections failed decode
01:02:46 [arq-rx] DECODE ERROR (cfo=1459 Hz, ratio=11.1): RuntimeError: Payload CRC-16 mismatch: got 0xaaab, expected 0x5841
01:02:46 [arq-rx] 1/1 detections failed decode
01:02:47 [arq-rx] DECODE ERROR (cfo=1489 Hz, ratio=11.1): IndexError: payload end is outside of buffer
01:02:47 [arq-rx] 1/2 detections failed decode
01:02:47 [arq-rx] DECODE ERROR (cfo=1489 Hz, ratio=11.1): RuntimeError: Payload CRC-16 mismatch: got 0x5555, expected 0x2783
01:02:47 [arq-rx] 1/2 detections failed decode
01:02:48 [arq-rx] DECODE ERROR (cfo=1294 Hz, ratio=11.0): IndexError: header end is outside of buffer
01:02:48 [arq-rx] 1/1 detections failed decode
01:02:48 [arq-rx] DECODE ERROR (cfo=1294 Hz, ratio=11.0): RuntimeError: Header did not yield valid crc
01:02:48 [arq-rx] 1/1 detections failed decode
01:02:51 [stats] ARQ tun_in=593 tun_drop=0 tun_out=126 data_tx=871 (rtx=279) ack_tx=130 data_rx=126 (buf=48) ack_rx=420 (sack=89) dup=4 foreign=0 timeouts=166  rx_overruns=0 tx_bufs=31687
01:02:51 [arq-rx] DECODE ERROR (cfo=1234 Hz, ratio=11.2): RuntimeError: Payload CRC-16 mismatch: got 0xe1f3, expected 0xe1f0
01:02:51 [arq-rx] 1/1 detections failed decode
01:02:52 [arq-rx] DECODE ERROR (cfo=-8776 Hz, ratio=3.5): RuntimeError: Header did not yield valid crc
01:02:52 [arq-rx] 1/1 detections failed decode
01:02:56 [stats] ARQ tun_in=618 tun_drop=0 tun_out=126 data_tx=907 (rtx=289) ack_tx=130 data_rx=126 (buf=48) ack_rx=443 (sack=91) dup=4 foreign=0 timeouts=173  rx_overruns=0 tx_bufs=32005
01:02:57 [arq-rx] DECODE ERROR (cfo=1453 Hz, ratio=4.0): IndexError: header end is outside of buffer
01:02:57 [arq-rx] 1/2 detections failed decode
01:02:57 [arq-rx] DECODE ERROR (cfo=1377 Hz, ratio=10.9): IndexError: payload end is outside of buffer
01:02:57 [arq-rx] 1/1 detections failed decode
01:02:57 [arq-rx] DECODE ERROR (cfo=1327 Hz, ratio=11.2): IndexError: payload end is outside of buffer
01:02:57 [arq-rx] 1/4 detections failed decode
01:02:57 [arq-rx] TUN write failed: [Errno 22] Invalid argument
01:03:01 [stats] ARQ tun_in=624 tun_drop=0 tun_out=132 data_tx=915 (rtx=291) ack_tx=136 data_rx=132 (buf=49) ack_rx=449 (sack=91) dup=4 foreign=0 timeouts=175  rx_overruns=0 tx_bufs=32471
01:03:06 [stats] ARQ tun_in=624 tun_drop=0 tun_out=132 data_tx=915 (rtx=291) ack_tx=136 data_rx=132 (buf=49) ack_rx=449 (sack=91) dup=4 foreign=0 timeouts=175  rx_overruns=0 tx_bufs=32996
01:03:11 [stats] ARQ tun_in=624 tun_drop=0 tun_out=132 data_tx=915 (rtx=291) ack_tx=136 data_rx=132 (buf=49) ack_rx=449 (sack=91) dup=4 foreign=0 timeouts=175  rx_overruns=0 tx_bufs=33520
01:03:16 [stats] ARQ tun_in=624 tun_drop=0 tun_out=132 data_tx=915 (rtx=291) ack_tx=136 data_rx=132 (buf=49) ack_rx=449 (sack=91) dup=4 foreign=0 timeouts=175  rx_overruns=0 tx_bufs=34045
01:03:21 [stats] ARQ tun_in=624 tun_drop=0 tun_out=132 data_tx=915 (rtx=291) ack_tx=136 data_rx=132 (buf=49) ack_rx=449 (sack=91) dup=4 foreign=0 timeouts=175  rx_overruns=0 tx_bufs=34571
01:03:26 [stats] ARQ tun_in=624 tun_drop=0 tun_out=132 data_tx=915 (rtx=291) ack_tx=136 data_rx=132 (buf=49) ack_rx=449 (sack=91) dup=4 foreign=0 timeouts=175  rx_overruns=0 tx_bufs=35092
01:03:27 [arq-rx] DECODE ERROR (cfo=1433 Hz, ratio=11.3): RuntimeError: Header did not yield valid crc
01:03:27 [arq-rx] 1/2 detections failed decode
01:03:31 [stats] ARQ tun_in=649 tun_drop=0 tun_out=139 data_tx=949 (rtx=300) ack_tx=143 data_rx=139 (buf=51) ack_rx=463 (sack=93) dup=4 foreign=0 timeouts=182  rx_overruns=0 tx_bufs=35410
01:03:31 [arq-rx] DECODE ERROR (cfo=1465 Hz, ratio=11.1): IndexError: payload end is outside of buffer
01:03:31 [arq-rx] 1/2 detections failed decode
01:03:31 [arq-rx] DECODE ERROR (cfo=1465 Hz, ratio=11.1): RuntimeError: Payload CRC-16 mismatch: got 0x5555, expected 0x1c8a
01:03:31 [arq-rx] 1/2 detections failed decode
01:03:36 [stats] ARQ tun_in=674 tun_drop=0 tun_out=142 data_tx=981 (rtx=307) ack_tx=146 data_rx=142 (buf=53) ack_rx=485 (sack=93) dup=4 foreign=0 timeouts=188  rx_overruns=0 tx_bufs=35728
01:03:36 [arq-rx] DECODE ERROR (cfo=1213 Hz, ratio=11.1): IndexError: header end is outside of buffer
01:03:36 [arq-rx] 1/1 detections failed decode
01:03:36 [arq-rx] DECODE ERROR (cfo=1213 Hz, ratio=11.1): RuntimeError: Header did not yield valid crc
01:03:36 [arq-rx] 1/1 detections failed decode
01:03:41 [stats] ARQ tun_in=699 tun_drop=0 tun_out=142 data_tx=1014 (rtx=316) ack_tx=146 data_rx=142 (buf=53) ack_rx=505 (sack=96) dup=4 foreign=0 timeouts=195  rx_overruns=0 tx_bufs=36047
01:03:46 [stats] ARQ tun_in=724 tun_drop=0 tun_out=142 data_tx=1049 (rtx=325) ack_tx=147 data_rx=143 (buf=54) ack_rx=523 (sack=96) dup=4 foreign=0 timeouts=202  rx_overruns=0 tx_bufs=36364
01:03:51 [stats] ARQ tun_in=733 tun_drop=0 tun_out=142 data_tx=1061 (rtx=328) ack_tx=147 data_rx=143 (buf=54) ack_rx=533 (sack=96) dup=4 foreign=0 timeouts=204  rx_overruns=0 tx_bufs=36814
01:03:56 [stats] ARQ tun_in=733 tun_drop=0 tun_out=142 data_tx=1061 (rtx=328) ack_tx=147 data_rx=143 (buf=54) ack_rx=533 (sack=96) dup=4 foreign=0 timeouts=204  rx_overruns=0 tx_bufs=37340
01:04:01 [stats] ARQ tun_in=734 tun_drop=0 tun_out=142 data_tx=1062 (rtx=328) ack_tx=147 data_rx=143 (buf=54) ack_rx=534 (sack=96) dup=4 foreign=0 timeouts=204  rx_overruns=0 tx_bufs=37865
01:04:06 [stats] ARQ tun_in=734 tun_drop=0 tun_out=142 data_tx=1062 (rtx=328) ack_tx=147 data_rx=143 (buf=54) ack_rx=534 (sack=96) dup=4 foreign=0 timeouts=204  rx_overruns=0 tx_bufs=38388
01:04:11 [stats] ARQ tun_in=734 tun_drop=0 tun_out=142 data_tx=1062 (rtx=328) ack_tx=147 data_rx=143 (buf=54) ack_rx=534 (sack=96) dup=4 foreign=0 timeouts=204  rx_overruns=0 tx_bufs=38913
01:04:16 [stats] ARQ tun_in=734 tun_drop=0 tun_out=142 data_tx=1062 (rtx=328) ack_tx=147 data_rx=143 (buf=54) ack_rx=534 (sack=96) dup=4 foreign=0 timeouts=204  rx_overruns=0 tx_bufs=39437
01:04:21 [stats] ARQ tun_in=734 tun_drop=0 tun_out=142 data_tx=1062 (rtx=328) ack_tx=147 data_rx=143 (buf=54) ack_rx=534 (sack=96) dup=4 foreign=0 timeouts=204  rx_overruns=0 tx_bufs=39964
01:04:26 [stats] ARQ tun_in=734 tun_drop=0 tun_out=142 data_tx=1062 (rtx=328) ack_tx=147 data_rx=143 (buf=54) ack_rx=534 (sack=96) dup=4 foreign=0 timeouts=204  rx_overruns=0 tx_bufs=40490
01:04:31 [stats] ARQ tun_in=734 tun_drop=0 tun_out=142 data_tx=1062 (rtx=328) ack_tx=147 data_rx=143 (buf=54) ack_rx=534 (sack=96) dup=4 foreign=0 timeouts=204  rx_overruns=0 tx_bufs=41015
01:04:36 [stats] ARQ tun_in=734 tun_drop=0 tun_out=142 data_tx=1062 (rtx=328) ack_tx=147 data_rx=143 (buf=54) ack_rx=534 (sack=96) dup=4 foreign=0 timeouts=204  rx_overruns=0 tx_bufs=41542
01:04:40 [arq-rx] DECODE ERROR (cfo=1471 Hz, ratio=11.1): IndexError: payload end is outside of buffer
01:04:40 [arq-rx] 1/3 detections failed decode
01:04:40 [arq-rx] TUN write failed: [Errno 22] Invalid argument
01:04:40 [arq-rx] DECODE ERROR (cfo=1471 Hz, ratio=11.1): RuntimeError: Payload CRC-16 mismatch: got 0x0000, expected 0xa814
01:04:40 [arq-rx] 1/1 detections failed decode
01:04:40 [arq-rx] DECODE ERROR (cfo=1252 Hz, ratio=11.2): IndexError: payload end is outside of buffer
01:04:40 [arq-rx] 1/3 detections failed decode
01:04:40 [arq-rx] DECODE ERROR (cfo=1252 Hz, ratio=11.2): RuntimeError: Payload CRC-16 mismatch: got 0x0000, expected 0xb8c9
01:04:40 [arq-rx] 1/1 detections failed decode
01:04:41 [stats] ARQ tun_in=747 tun_drop=0 tun_out=147 data_tx=1080 (rtx=333) ack_tx=151 data_rx=147 (buf=54) ack_rx=544 (sack=98) dup=4 foreign=0 timeouts=207  rx_overruns=0 tx_bufs=41963
01:04:41 [arq-rx] DECODE ERROR (cfo=1501 Hz, ratio=11.0): IndexError: payload end is outside of buffer
01:04:41 [arq-rx] 1/3 detections failed decode
01:04:41 [arq-rx] DECODE ERROR (cfo=1501 Hz, ratio=11.0): RuntimeError: Payload CRC-16 mismatch: got 0xffff, expected 0xa0d9
01:04:41 [arq-rx] 1/1 detections failed decode
01:04:43 [arq-rx] DECODE ERROR (cfo=1175 Hz, ratio=3.6): IndexError: header end is outside of buffer
01:04:43 [arq-rx] 1/1 detections failed decode
01:04:44 [arq-rx] DECODE ERROR (cfo=-10279 Hz, ratio=5.3): RuntimeError: Header did not yield valid crc
01:04:44 [arq-rx] 1/1 detections failed decode
01:04:45 [arq-rx] DECODE ERROR (cfo=1215 Hz, ratio=11.3): IndexError: header end is outside of buffer
01:04:45 [arq-rx] 1/1 detections failed decode
01:04:45 [arq-rx] DECODE ERROR (cfo=1215 Hz, ratio=11.3): RuntimeError: Header did not yield valid crc
01:04:45 [arq-rx] 1/1 detections failed decode
01:04:46 [stats] ARQ tun_in=773 tun_drop=0 tun_out=150 data_tx=1109 (rtx=338) ack_tx=155 data_rx=150 (buf=54) ack_rx=563 (sack=100) dup=5 foreign=0 timeouts=212  rx_overruns=0 tx_bufs=42278
01:04:51 [stats] ARQ tun_in=813 tun_drop=2 tun_out=150 data_tx=1151 (rtx=350) ack_tx=155 data_rx=150 (buf=54) ack_rx=581 (sack=100) dup=5 foreign=0 timeouts=219  rx_overruns=0 tx_bufs=42611
01:04:52 [arq-rx] DECODE ERROR (cfo=4762 Hz, ratio=3.8): RuntimeError: Header did not yield valid crc
01:04:52 [arq-rx] 1/2 detections failed decode
01:04:52 [arq-rx] DECODE ERROR (cfo=1192 Hz, ratio=3.3): IndexError: header end is outside of buffer
01:04:52 [arq-rx] 1/1 detections failed decode
01:04:56 [stats] ARQ tun_in=1062 tun_drop=46 tun_out=150 data_tx=1361 (rtx=354) ack_tx=157 data_rx=150 (buf=54) ack_rx=702 (sack=103) dup=7 foreign=0 timeouts=221  rx_overruns=0 tx_bufs=42934
01:04:57 [arq-rx] DECODE ERROR (cfo=1230 Hz, ratio=11.1): RuntimeError: Payload CRC-16 mismatch: got 0xe1f3, expected 0xe1f0
01:04:57 [arq-rx] 1/1 detections failed decode
01:04:59 [arq-rx] DECODE ERROR (cfo=-10275 Hz, ratio=5.5): RuntimeError: Header did not yield valid crc
01:04:59 [arq-rx] 1/1 detections failed decode
01:05:00 [arq-rx] DECODE ERROR (cfo=1152 Hz, ratio=3.3): IndexError: header end is outside of buffer
01:05:00 [arq-rx] 1/1 detections failed decode
01:05:01 [stats] ARQ tun_in=1355 tun_drop=76 tun_out=150 data_tx=1624 (rtx=354) ack_tx=159 data_rx=150 (buf=54) ack_rx=857 (sack=103) dup=9 foreign=0 timeouts=221  rx_overruns=0 tx_bufs=43260
01:05:04 [arq-rx] DECODE ERROR (cfo=-10264 Hz, ratio=4.8): RuntimeError: Header did not yield valid crc
01:05:04 [arq-rx] 1/1 detections failed decode
01:05:06 [stats] ARQ tun_in=1647 tun_drop=109 tun_out=150 data_tx=1883 (rtx=354) ack_tx=159 data_rx=150 (buf=54) ack_rx=1002 (sack=103) dup=9 foreign=0 timeouts=221  rx_overruns=0 tx_bufs=43584
01:05:06 [arq-rx] DECODE ERROR (cfo=1186 Hz, ratio=11.2): IndexError: header end is outside of buffer
01:05:06 [arq-rx] 1/1 detections failed decode
01:05:06 [arq-rx] DECODE ERROR (cfo=1186 Hz, ratio=11.2): RuntimeError: Header did not yield valid crc
01:05:06 [arq-rx] 1/1 detections failed decode
01:05:07 [arq-rx] DECODE ERROR (cfo=1252 Hz, ratio=4.1): IndexError: header end is outside of buffer
01:05:07 [arq-rx] 1/1 detections failed decode
01:05:08 [arq-rx] DECODE ERROR (cfo=1195 Hz, ratio=11.1): IndexError: header end is outside of buffer
01:05:08 [arq-rx] 1/1 detections failed decode
01:05:08 [arq-rx] DECODE ERROR (cfo=1195 Hz, ratio=11.1): RuntimeError: Header did not yield valid crc
01:05:08 [arq-rx] 1/1 detections failed decode
01:05:09 [arq-rx] DECODE ERROR (cfo=1330 Hz, ratio=10.9): IndexError: header end is outside of buffer
01:05:09 [arq-rx] 1/1 detections failed decode
01:05:09 [arq-rx] DECODE ERROR (cfo=1330 Hz, ratio=10.9): RuntimeError: Header did not yield valid crc
01:05:09 [arq-rx] 1/1 detections failed decode
01:05:09 [arq-rx] DECODE ERROR (cfo=1211 Hz, ratio=3.9): IndexError: header end is outside of buffer
01:05:09 [arq-rx] 1/1 detections failed decode
01:05:10 [arq-rx] DECODE ERROR (cfo=4640 Hz, ratio=3.1): RuntimeError: Header did not yield valid crc
01:05:10 [arq-rx] 1/1 detections failed decode
01:05:11 [stats] ARQ tun_in=1883 tun_drop=161 tun_out=150 data_tx=2072 (rtx=359) ack_tx=161 data_rx=150 (buf=54) ack_rx=1115 (sack=109) dup=11 foreign=0 timeouts=223  rx_overruns=0 tx_bufs=43903
01:05:13 [arq-rx] DECODE ERROR (cfo=-10269 Hz, ratio=5.3): RuntimeError: Header did not yield valid crc
01:05:13 [arq-rx] 1/1 detections failed decode
01:05:13 [arq-rx] DECODE ERROR (cfo=1190 Hz, ratio=3.7): IndexError: header end is outside of buffer
01:05:13 [arq-rx] 1/2 detections failed decode
01:05:15 [arq-rx] DECODE ERROR (cfo=-10355 Hz, ratio=5.3): RuntimeError: Header did not yield valid crc
01:05:15 [arq-rx] 1/1 detections failed decode
01:05:16 [stats] ARQ tun_in=2133 tun_drop=207 tun_out=150 data_tx=2279 (rtx=362) ack_tx=162 data_rx=150 (buf=54) ack_rx=1232 (sack=113) dup=12 foreign=0 timeouts=225  rx_overruns=0 tx_bufs=44220
01:05:17 [arq-rx] DECODE ERROR (cfo=1282 Hz, ratio=3.3): IndexError: header end is outside of buffer
01:05:17 [arq-rx] 1/1 detections failed decode
01:05:18 [arq-rx] DECODE ERROR (cfo=1425 Hz, ratio=11.9): IndexError: header end is outside of buffer
01:05:18 [arq-rx] 1/1 detections failed decode
01:05:18 [arq-rx] DECODE ERROR (cfo=1331 Hz, ratio=11.3): IndexError: header end is outside of buffer
01:05:18 [arq-rx] 1/1 detections failed decode
01:05:21 [stats] ARQ tun_in=2420 tun_drop=238 tun_out=150 data_tx=2535 (rtx=362) ack_tx=165 data_rx=150 (buf=54) ack_rx=1370 (sack=113) dup=15 foreign=0 timeouts=225  rx_overruns=0 tx_bufs=44542
01:05:21 [arq-rx] DECODE ERROR (cfo=1317 Hz, ratio=3.3): IndexError: header end is outside of buffer
01:05:21 [arq-rx] 1/1 detections failed decode
01:05:23 [arq-rx] DECODE ERROR (cfo=1161 Hz, ratio=11.1): IndexError: payload end is outside of buffer
01:05:23 [arq-rx] 1/1 detections failed decode
01:05:23 [arq-rx] DECODE ERROR (cfo=1161 Hz, ratio=11.1): RuntimeError: Payload CRC-16 mismatch: got 0x8000, expected 0x60f8
01:05:23 [arq-rx] 1/1 detections failed decode
01:05:24 [arq-rx] DECODE ERROR (cfo=1407 Hz, ratio=3.5): IndexError: header end is outside of buffer
01:05:24 [arq-rx] 1/1 detections failed decode
01:05:26 [stats] ARQ tun_in=2642 tun_drop=290 tun_out=150 data_tx=2709 (rtx=366) ack_tx=167 data_rx=150 (buf=54) ack_rx=1472 (sack=118) dup=17 foreign=0 timeouts=228  rx_overruns=0 tx_bufs=44859
01:05:28 [arq-rx] DECODE ERROR (cfo=-10333 Hz, ratio=6.3): RuntimeError: Header did not yield valid crc
01:05:28 [arq-rx] 1/1 detections failed decode
01:05:28 [arq-rx] DECODE ERROR (cfo=5284 Hz, ratio=5.7): RuntimeError: Header did not yield valid crc
01:05:28 [arq-rx] 1/2 detections failed decode
01:05:29 [arq-rx] DECODE ERROR (cfo=1232 Hz, ratio=3.9): IndexError: header end is outside of buffer
01:05:29 [arq-rx] 1/1 detections failed decode
01:05:31 [stats] ARQ tun_in=2869 tun_drop=340 tun_out=150 data_tx=2889 (rtx=369) ack_tx=171 data_rx=150 (buf=54) ack_rx=1575 (sack=126) dup=21 foreign=0 timeouts=230  rx_overruns=0 tx_bufs=45176
01:05:31 [arq-rx] DECODE ERROR (cfo=-10253 Hz, ratio=6.0): RuntimeError: Header did not yield valid crc
01:05:31 [arq-rx] 1/1 detections failed decode
01:05:33 [arq-rx] DECODE ERROR (cfo=1172 Hz, ratio=3.7): RuntimeError: Header did not yield valid crc
01:05:33 [arq-rx] 1/2 detections failed decode
01:05:35 [arq-rx] DECODE ERROR (cfo=1216 Hz, ratio=11.1): IndexError: payload end is outside of buffer
01:05:35 [arq-rx] 1/1 detections failed decode
01:05:35 [arq-rx] DECODE ERROR (cfo=1216 Hz, ratio=11.1): RuntimeError: Payload CRC-16 mismatch: got 0x4555, expected 0xb345
01:05:35 [arq-rx] 1/1 detections failed decode
01:05:36 [stats] ARQ tun_in=3147 tun_drop=376 tun_out=150 data_tx=3133 (rtx=371) ack_tx=172 data_rx=150 (buf=54) ack_rx=1717 (sack=130) dup=22 foreign=0 timeouts=231  rx_overruns=0 tx_bufs=45497
01:05:40 [arq-rx] DECODE ERROR (cfo=1269 Hz, ratio=10.8): IndexError: header end is outside of buffer
01:05:40 [arq-rx] 1/2 detections failed decode
01:05:40 [arq-rx] DECODE ERROR (cfo=1269 Hz, ratio=10.8): RuntimeError: Header did not yield valid crc
01:05:40 [arq-rx] 1/1 detections failed decode
01:05:40 [arq-rx] DECODE ERROR (cfo=4909 Hz, ratio=3.6): IndexError: header end is outside of buffer
01:05:40 [arq-rx] 1/2 detections failed decode
01:05:41 [stats] ARQ tun_in=3346 tun_drop=439 tun_out=150 data_tx=3273 (rtx=376) ack_tx=172 data_rx=150 (buf=54) ack_rx=1797 (sack=130) dup=22 foreign=0 timeouts=236  rx_overruns=0 tx_bufs=45811
01:05:46 [stats] ARQ tun_in=3612 tun_drop=482 tun_out=150 data_tx=3498 (rtx=378) ack_tx=174 data_rx=150 (buf=54) ack_rx=1926 (sack=133) dup=24 foreign=0 timeouts=237  rx_overruns=0 tx_bufs=46132
01:05:46 [arq-rx] DECODE ERROR (cfo=1263 Hz, ratio=11.1): IndexError: payload end is outside of buffer
01:05:46 [arq-rx] 1/2 detections failed decode
01:05:47 [arq-rx] DECODE ERROR (cfo=1183 Hz, ratio=10.9): IndexError: payload end is outside of buffer
01:05:47 [arq-rx] 1/2 detections failed decode
01:05:48 [arq-rx] DECODE ERROR (cfo=1186 Hz, ratio=11.2): IndexError: payload end is outside of buffer
01:05:48 [arq-rx] 1/2 detections failed decode
01:05:49 [arq-rx] DECODE ERROR (cfo=1310 Hz, ratio=3.7): IndexError: header end is outside of buffer
01:05:49 [arq-rx] 1/1 detections failed decode
01:05:50 [arq-rx] DECODE ERROR (cfo=4488 Hz, ratio=4.4): IndexError: header end is outside of buffer
01:05:50 [arq-rx] 1/2 detections failed decode
01:05:50 [arq-rx] DECODE ERROR (cfo=1221 Hz, ratio=11.2): IndexError: payload end is outside of buffer
01:05:50 [arq-rx] 1/2 detections failed decode
01:05:51 [stats] ARQ tun_in=4029 tun_drop=510 tun_out=160 data_tx=3890 (rtx=380) ack_tx=184 data_rx=160 (buf=54) ack_rx=2306 (sack=144) dup=24 foreign=0 timeouts=239  rx_overruns=0 tx_bufs=46657
01:05:51 [arq-rx] DECODE ERROR (cfo=1197 Hz, ratio=11.1): RuntimeError: Header did not yield valid crc
01:05:51 [arq-rx] 1/1 detections failed decode
01:05:51 [arq-rx] DECODE ERROR (cfo=1190 Hz, ratio=11.2): IndexError: payload end is outside of buffer
01:05:51 [arq-rx] 1/2 detections failed decode
01:05:56 [stats] ARQ tun_in=4107 tun_drop=523 tun_out=162 data_tx=3965 (rtx=381) ack_tx=186 data_rx=162 (buf=54) ack_rx=2386 (sack=149) dup=24 foreign=0 timeouts=240  rx_overruns=0 tx_bufs=47186
01:06:01 [stats] ARQ tun_in=4107 tun_drop=523 tun_out=162 data_tx=3965 (rtx=381) ack_tx=186 data_rx=162 (buf=54) ack_rx=2386 (sack=149) dup=24 foreign=0 timeouts=240  rx_overruns=0 tx_bufs=47710
01:06:06 [stats] ARQ tun_in=4107 tun_drop=523 tun_out=162 data_tx=3965 (rtx=381) ack_tx=186 data_rx=162 (buf=54) ack_rx=2386 (sack=149) dup=24 foreign=0 timeouts=240  rx_overruns=0 tx_bufs=48234
01:06:11 [stats] ARQ tun_in=4107 tun_drop=523 tun_out=162 data_tx=3965 (rtx=381) ack_tx=186 data_rx=162 (buf=54) ack_rx=2386 (sack=149) dup=24 foreign=0 timeouts=240  rx_overruns=0 tx_bufs=48759
01:06:16 [stats] ARQ tun_in=4107 tun_drop=523 tun_out=162 data_tx=3965 (rtx=381) ack_tx=186 data_rx=162 (buf=54) ack_rx=2386 (sack=149) dup=24 foreign=0 timeouts=240  rx_overruns=0 tx_bufs=49282
01:06:21 [stats] ARQ tun_in=4107 tun_drop=523 tun_out=162 data_tx=3965 (rtx=381) ack_tx=186 data_rx=162 (buf=54) ack_rx=2386 (sack=149) dup=24 foreign=0 timeouts=240  rx_overruns=0 tx_bufs=49809
01:06:26 [stats] ARQ tun_in=4107 tun_drop=523 tun_out=162 data_tx=3965 (rtx=381) ack_tx=186 data_rx=162 (buf=54) ack_rx=2386 (sack=149) dup=24 foreign=0 timeouts=240  rx_overruns=0 tx_bufs=50336
