============================= test session starts ==============================
platform linux -- Python 3.13.11, pytest-9.0.2, pluggy-1.6.0 -- /home/morten/school/radiokommunikasjon/.venv/bin/python
cachedir: .pytest_cache
hypothesis profile 'default'
rootdir: /home/morten/school/radiokommunikasjon
configfile: pyproject.toml
plugins: hypothesis-6.151.10
collecting ... collected 390 items

tests/test_arq.py::TestSeqArith::test_seq_add_normal PASSED              [  0%]
tests/test_arq.py::TestSeqArith::test_seq_add_wraparound PASSED          [  0%]
tests/test_arq.py::TestSeqArith::test_seq_add_negative PASSED            [  0%]
tests/test_arq.py::TestSeqArith::test_seq_lt_normal PASSED               [  1%]
tests/test_arq.py::TestSeqArith::test_seq_lt_wraparound PASSED           [  1%]
tests/test_arq.py::TestSeqArith::test_seq_lt_equal PASSED                [  1%]
tests/test_arq.py::TestSeqArith::test_seq_leq_equal PASSED               [  1%]
tests/test_arq.py::TestSeqArith::test_seq_leq_lt PASSED                  [  2%]
tests/test_arq.py::TestSeqArith::test_seq_diff_normal PASSED             [  2%]
tests/test_arq.py::TestSeqArith::test_seq_diff_zero PASSED               [  2%]
tests/test_arq.py::TestSeqArith::test_seq_diff_wraparound PASSED         [  2%]
tests/test_arq.py::TestSeqArith::test_window_seqs_normal PASSED          [  3%]
tests/test_arq.py::TestSeqArith::test_window_seqs_empty PASSED           [  3%]
tests/test_arq.py::TestSeqArith::test_window_seqs_wraparound PASSED      [  3%]
tests/test_arq.py::TestSeqArith::test_seq_add_full_cycle[0] PASSED       [  3%]
tests/test_arq.py::TestSeqArith::test_seq_add_full_cycle[1] PASSED       [  4%]
tests/test_arq.py::TestSeqArith::test_seq_add_full_cycle[2] PASSED       [  4%]
tests/test_arq.py::TestSeqArith::test_seq_add_full_cycle[3] PASSED       [  4%]
tests/test_arq.py::TestSeqArith::test_seq_add_full_cycle[4] PASSED       [  4%]
tests/test_arq.py::TestSeqArith::test_seq_add_full_cycle[5] PASSED       [  5%]
tests/test_arq.py::TestSeqArith::test_seq_add_full_cycle[6] PASSED       [  5%]
tests/test_arq.py::TestSeqArith::test_seq_add_full_cycle[7] PASSED       [  5%]
tests/test_arq.py::TestSeqArith::test_seq_add_full_cycle[8] PASSED       [  5%]
tests/test_arq.py::TestSeqArith::test_seq_add_full_cycle[9] PASSED       [  6%]
tests/test_arq.py::TestSeqArith::test_seq_add_full_cycle[10] PASSED      [  6%]
tests/test_arq.py::TestSeqArith::test_seq_add_full_cycle[11] PASSED      [  6%]
tests/test_arq.py::TestSeqArith::test_seq_add_full_cycle[12] PASSED      [  6%]
tests/test_arq.py::TestSeqArith::test_seq_add_full_cycle[13] PASSED      [  7%]
tests/test_arq.py::TestSeqArith::test_seq_add_full_cycle[14] PASSED      [  7%]
tests/test_arq.py::TestSeqArith::test_seq_add_full_cycle[15] PASSED      [  7%]
tests/test_arq.py::TestARQNodeTX::test_sends_data_frames_for_tun_input PASSED [  7%]
tests/test_arq.py::TestARQNodeTX::test_window_slides_on_ack PASSED       [  8%]
tests/test_arq.py::TestARQNodeTX::test_retransmit_on_timeout PASSED      [  8%]
tests/test_arq.py::TestARQNodeRX::test_in_order_frames_delivered_to_tun PASSED [  8%]
tests/test_arq.py::TestARQNodeRX::test_acks_sent_for_in_order_frames PASSED [  8%]
tests/test_arq.py::TestARQNodeRX::test_out_of_order_frame_discarded PASSED [  9%]
tests/test_arq.py::TestARQNodeRX::test_out_of_order_triggers_repeat_ack PASSED [  9%]
tests/test_arq.py::TestWraparound::test_window_advancement_wraps 

!!!!!!!!!!!!!!!!!!!!!!!!!!!!!! KeyboardInterrupt !!!!!!!!!!!!!!!!!!!!!!!!!!!!!!!
/home/morten/.local/share/uv/python/cpython-3.13.11-linux-x86_64-gnu/lib/python3.13/threading.py:363: KeyboardInterrupt
(to show a full traceback on KeyboardInterrupt use --full-trace)
============================== 37 passed in 1.83s ==============================
